<?xml version="1.0" encoding="UTF-8"?>
<testng-results ignored="0" total="2" passed="2" failed="0" skipped="0">
  <reporter-output>
  </reporter-output>
  <suite started-at="2022-12-22T12:22:45 BDT" name="Default suite" finished-at="2022-12-22T12:23:17 BDT" duration-ms="31790">
    <groups>
    </groups>
    <test started-at="2022-12-22T12:22:45 BDT" name="Default test" finished-at="2022-12-22T12:23:17 BDT" duration-ms="31790">
      <class name="com.bd.start.facebook">
        <test-method is-config="true" signature="start()[pri:0, instance:com.bd.start.facebook@65fb9ffc]" started-at="2022-12-22T12:22:42 BDT" name="start" finished-at="2022-12-22T12:22:45 BDT" duration-ms="2542" status="PASS">
          <reporter-output>
          </reporter-output>
        </test-method> <!-- start -->
        <test-method signature="openUrl()[pri:0, instance:com.bd.start.facebook@65fb9ffc]" started-at="2022-12-22T12:22:45 BDT" name="openUrl" finished-at="2022-12-22T12:22:48 BDT" duration-ms="3271" status="PASS">
          <reporter-output>
          </reporter-output>
        </test-method> <!-- openUrl -->
        <test-method signature="facebookStart()[pri:1, instance:com.bd.start.facebook@65fb9ffc]" started-at="2022-12-22T12:22:48 BDT" name="facebookStart" finished-at="2022-12-22T12:23:17 BDT" duration-ms="28458" status="PASS">
          <reporter-output>
          </reporter-output>
        </test-method> <!-- facebookStart -->
        <test-method is-config="true" signature="finish()[pri:0, instance:com.bd.start.facebook@65fb9ffc]" started-at="2022-12-22T12:23:17 BDT" name="finish" finished-at="2022-12-22T12:23:17 BDT" duration-ms="320" status="PASS">
          <reporter-output>
          </reporter-output>
        </test-method> <!-- finish -->
      </class> <!-- com.bd.start.facebook -->
    </test> <!-- Default test -->
  </suite> <!-- Default suite -->
</testng-results>
